{"/home/jerry/Documents/cicd_2/cicd_2/carts.js": {"path":"/home/jerry/Documents/cicd_2/cicd_2/carts.js","statementMap":{"0":{"start":{"line":1,"column":15},"end":{"line":1,"column":33}},"1":{"start":{"line":2,"column":13},"end":{"line":2,"column":29}},"2":{"start":{"line":4,"column":18},"end":{"line":33,"column":1}},"3":{"start":{"line":40,"column":0},"end":{"line":53,"column":3}},"4":{"start":{"line":42,"column":13},"end":{"line":42,"column":62}},"5":{"start":{"line":42,"column":35},"end":{"line":42,"column":61}},"6":{"start":{"line":43,"column":2},"end":{"line":47,"column":3}},"7":{"start":{"line":44,"column":14},"end":{"line":44,"column":46}},"8":{"start":{"line":45,"column":4},"end":{"line":45,"column":21}},"9":{"start":{"line":46,"column":4},"end":{"line":46,"column":21}},"10":{"start":{"line":49,"column":2},"end":{"line":49,"column":69}},"11":{"start":{"line":50,"column":2},"end":{"line":50,"column":35}},"12":{"start":{"line":51,"column":2},"end":{"line":51,"column":27}},"13":{"start":{"line":52,"column":2},"end":{"line":52,"column":29}},"14":{"start":{"line":55,"column":0},"end":{"line":55,"column":24}}},"fnMap":{"0":{"name":"(anonymous_0)","decl":{"start":{"line":40,"column":19},"end":{"line":40,"column":20}},"loc":{"start":{"line":40,"column":45},"end":{"line":53,"column":1}},"line":40},"1":{"name":"(anonymous_1)","decl":{"start":{"line":42,"column":30},"end":{"line":42,"column":31}},"loc":{"start":{"line":42,"column":35},"end":{"line":42,"column":61}},"line":42}},"branchMap":{"0":{"loc":{"start":{"line":43,"column":2},"end":{"line":47,"column":3}},"type":"if","locations":[{"start":{"line":43,"column":2},"end":{"line":47,"column":3}},{"start":{},"end":{}}],"line":43}},"s":{"0":1,"1":1,"2":1,"3":1,"4":2,"5":3,"6":2,"7":1,"8":1,"9":1,"10":1,"11":1,"12":1,"13":1,"14":1},"f":{"0":2,"1":3},"b":{"0":[1,1]},"_coverageSchema":"1a1c01bbd47fc00a2c39e90264f33305004495a9","hash":"6242e47cc0644dd25ab0339ab430ebccd593e806"}
,"/home/jerry/Documents/cicd_2/cicd_2/index.js": {"path":"/home/jerry/Documents/cicd_2/cicd_2/index.js","statementMap":{"0":{"start":{"line":1,"column":15},"end":{"line":1,"column":33}},"1":{"start":{"line":2,"column":11},"end":{"line":2,"column":26}},"2":{"start":{"line":3,"column":19},"end":{"line":3,"column":43}},"3":{"start":{"line":4,"column":13},"end":{"line":4,"column":30}},"4":{"start":{"line":6,"column":12},"end":{"line":6,"column":30}},"5":{"start":{"line":7,"column":10},"end":{"line":7,"column":19}},"6":{"start":{"line":10,"column":0},"end":{"line":10,"column":24}},"7":{"start":{"line":13,"column":0},"end":{"line":13,"column":23}},"8":{"start":{"line":16,"column":0},"end":{"line":16,"column":23}},"9":{"start":{"line":19,"column":0},"end":{"line":21,"column":3}},"10":{"start":{"line":20,"column":2},"end":{"line":20,"column":60}},"11":{"start":{"line":22,"column":0},"end":{"line":22,"column":55}},"12":{"start":{"line":25,"column":0},"end":{"line":25,"column":29}},"13":{"start":{"line":28,"column":0},"end":{"line":32,"column":3}},"14":{"start":{"line":29,"column":12},"end":{"line":29,"column":34}},"15":{"start":{"line":30,"column":2},"end":{"line":30,"column":19}},"16":{"start":{"line":31,"column":2},"end":{"line":31,"column":12}},"17":{"start":{"line":35,"column":0},"end":{"line":43,"column":1}},"18":{"start":{"line":36,"column":2},"end":{"line":42,"column":5}},"19":{"start":{"line":37,"column":4},"end":{"line":40,"column":68}},"20":{"start":{"line":38,"column":6},"end":{"line":38,"column":75}},"21":{"start":{"line":40,"column":6},"end":{"line":40,"column":68}},"22":{"start":{"line":41,"column":4},"end":{"line":41,"column":21}},"23":{"start":{"line":46,"column":0},"end":{"line":52,"column":3}},"24":{"start":{"line":47,"column":2},"end":{"line":47,"column":19}},"25":{"start":{"line":48,"column":2},"end":{"line":51,"column":65}},"26":{"start":{"line":49,"column":4},"end":{"line":49,"column":72}},"27":{"start":{"line":51,"column":4},"end":{"line":51,"column":65}},"28":{"start":{"line":54,"column":0},"end":{"line":54,"column":42}},"29":{"start":{"line":56,"column":13},"end":{"line":58,"column":2}},"30":{"start":{"line":57,"column":2},"end":{"line":57,"column":75}},"31":{"start":{"line":60,"column":0},"end":{"line":60,"column":24}}},"fnMap":{"0":{"name":"(anonymous_0)","decl":{"start":{"line":19,"column":13},"end":{"line":19,"column":14}},"loc":{"start":{"line":19,"column":33},"end":{"line":21,"column":1}},"line":19},"1":{"name":"(anonymous_1)","decl":{"start":{"line":28,"column":8},"end":{"line":28,"column":9}},"loc":{"start":{"line":28,"column":34},"end":{"line":32,"column":1}},"line":28},"2":{"name":"(anonymous_2)","decl":{"start":{"line":36,"column":10},"end":{"line":36,"column":11}},"loc":{"start":{"line":36,"column":41},"end":{"line":42,"column":3}},"line":36},"3":{"name":"(anonymous_3)","decl":{"start":{"line":46,"column":8},"end":{"line":46,"column":9}},"loc":{"start":{"line":46,"column":39},"end":{"line":52,"column":1}},"line":46},"4":{"name":"(anonymous_4)","decl":{"start":{"line":56,"column":41},"end":{"line":56,"column":42}},"loc":{"start":{"line":56,"column":53},"end":{"line":58,"column":1}},"line":56}},"branchMap":{"0":{"loc":{"start":{"line":35,"column":0},"end":{"line":43,"column":1}},"type":"if","locations":[{"start":{"line":35,"column":0},"end":{"line":43,"column":1}},{"start":{},"end":{}}],"line":35},"1":{"loc":{"start":{"line":37,"column":4},"end":{"line":40,"column":68}},"type":"if","locations":[{"start":{"line":37,"column":4},"end":{"line":40,"column":68}},{"start":{"line":40,"column":6},"end":{"line":40,"column":68}}],"line":37},"2":{"loc":{"start":{"line":48,"column":2},"end":{"line":51,"column":65}},"type":"if","locations":[{"start":{"line":48,"column":2},"end":{"line":51,"column":65}},{"start":{"line":51,"column":4},"end":{"line":51,"column":65}}],"line":48},"3":{"loc":{"start":{"line":54,"column":16},"end":{"line":54,"column":40}},"type":"binary-expr","locations":[{"start":{"line":54,"column":16},"end":{"line":54,"column":32}},{"start":{"line":54,"column":36},"end":{"line":54,"column":40}}],"line":54}},"s":{"0":1,"1":1,"2":1,"3":1,"4":1,"5":1,"6":1,"7":1,"8":1,"9":1,"10":0,"11":1,"12":1,"13":1,"14":0,"15":0,"16":0,"17":1,"18":0,"19":0,"20":0,"21":0,"22":0,"23":1,"24":1,"25":1,"26":1,"27":0,"28":1,"29":1,"30":1,"31":1},"f":{"0":0,"1":0,"2":0,"3":1,"4":1},"b":{"0":[0,1],"1":[0,0],"2":[1,0],"3":[1,1]},"_coverageSchema":"1a1c01bbd47fc00a2c39e90264f33305004495a9","hash":"d8c0ca741c5e8308a7caa419a04b8f5494d3ac45"}
}
